{"/vercel/share/v0-project/app/layout.tsx": {"path":"/vercel/share/v0-project/app/layout.tsx","statementMap":{"0":{"start":{"line":43,"column":24},"end":{"line":43,"column":35}},"1":{"start":{"line":12,"column":13},"end":{"line":12,"column":34}},"2":{"start":{"line":35,"column":13},"end":{"line":35,"column":34}},"3":{"start":{"line":1,"column":26},"end":{"line":1,"column":null}},"4":{"start":{"line":3,"column":34},"end":{"line":3,"column":null}},"5":{"start":{"line":4,"column":7},"end":{"line":4,"column":null}},"6":{"start":{"line":6,"column":18},"end":{"line":6,"column":null}},"7":{"start":{"line":7,"column":18},"end":{"line":10,"column":null}},"8":{"start":{"line":12,"column":34},"end":{"line":33,"column":null}},"9":{"start":{"line":35,"column":34},"end":{"line":41,"column":null}}},"fnMap":{"0":{"name":"RootLayout","decl":{"start":{"line":43,"column":24},"end":{"line":43,"column":35}},"loc":{"start":{"line":47,"column":2},"end":{"line":56,"column":null}}}},"branchMap":{"0":{"loc":{"start":{"line":52,"column":9},"end":{"line":52,"column":null}},"type":"binary-expr","locations":[{"start":{"line":52,"column":9},"end":{"line":52,"column":50}},{"start":{"line":52,"column":50},"end":{"line":52,"column":null}}]}},"s":{"0":0,"1":0,"2":0,"3":0,"4":0,"5":0,"6":0,"7":0,"8":0,"9":0},"f":{"0":0},"b":{"0":[0,0]}}
,"/vercel/share/v0-project/app/page.tsx": {"path":"/vercel/share/v0-project/app/page.tsx","statementMap":{"0":{"start":{"line":3,"column":24},"end":{"line":3,"column":null}},"1":{"start":{"line":1,"column":28},"end":{"line":1,"column":null}},"2":{"start":{"line":4,"column":2},"end":{"line":4,"column":null}}},"fnMap":{"0":{"name":"DashboardPage","decl":{"start":{"line":3,"column":24},"end":{"line":3,"column":null}},"loc":{"start":{"line":3,"column":24},"end":{"line":5,"column":null}}}},"branchMap":{},"s":{"0":0,"1":0,"2":0},"f":{"0":0},"b":{}}
,"/vercel/share/v0-project/app/api/analyze-receipt/route.ts": {"path":"/vercel/share/v0-project/app/api/analyze-receipt/route.ts","statementMap":{"0":{"start":{"line":21,"column":22},"end":{"line":21,"column":27}},"1":{"start":{"line":1,"column":31},"end":{"line":1,"column":null}},"2":{"start":{"line":2,"column":26},"end":{"line":2,"column":null}},"3":{"start":{"line":3,"column":18},"end":{"line":3,"column":null}},"4":{"start":{"line":5,"column":26},"end":{"line":10,"column":null}},"5":{"start":{"line":12,"column":30},"end":{"line":19,"column":null}},"6":{"start":{"line":22,"column":2},"end":{"line":74,"column":null}},"7":{"start":{"line":23,"column":17},"end":{"line":23,"column":null}},"8":{"start":{"line":24,"column":28},"end":{"line":24,"column":null}},"9":{"start":{"line":26,"column":4},"end":{"line":31,"column":null}},"10":{"start":{"line":27,"column":6},"end":{"line":29,"column":null}},"11":{"start":{"line":34,"column":19},"end":{"line":65,"column":null}},"12":{"start":{"line":67,"column":4},"end":{"line":67,"column":null}},"13":{"start":{"line":69,"column":4},"end":{"line":69,"column":null}},"14":{"start":{"line":70,"column":4},"end":{"line":72,"column":null}}},"fnMap":{"0":{"name":"POST","decl":{"start":{"line":21,"column":22},"end":{"line":21,"column":27}},"loc":{"start":{"line":21,"column":43},"end":{"line":75,"column":null}}}},"branchMap":{"0":{"loc":{"start":{"line":26,"column":4},"end":{"line":31,"column":null}},"type":"if","locations":[{"start":{"line":26,"column":4},"end":{"line":31,"column":null}},{"start":{},"end":{}}]}},"s":{"0":0,"1":0,"2":0,"3":0,"4":0,"5":0,"6":0,"7":0,"8":0,"9":0,"10":0,"11":0,"12":0,"13":0,"14":0},"f":{"0":0},"b":{"0":[0,0]}}
,"/vercel/share/v0-project/app/api/auth/[...all]/route.ts": {"path":"/vercel/share/v0-project/app/api/auth/[...all]/route.ts","statementMap":{"0":{"start":{"line":4,"column":15},"end":{"line":4,"column":18}},"1":{"start":{"line":4,"column":20},"end":{"line":4,"column":24}},"2":{"start":{"line":1,"column":21},"end":{"line":1,"column":null}},"3":{"start":{"line":2,"column":32},"end":{"line":2,"column":null}},"4":{"start":{"line":4,"column":29},"end":{"line":4,"column":null}}},"fnMap":{},"branchMap":{},"s":{"0":0,"1":0,"2":0,"3":0,"4":0},"f":{},"b":{}}
,"/vercel/share/v0-project/app/sign-in/page.tsx": {"path":"/vercel/share/v0-project/app/sign-in/page.tsx","statementMap":{"0":{"start":{"line":6,"column":30},"end":{"line":6,"column":null}},"1":{"start":{"line":1,"column":25},"end":{"line":1,"column":null}},"2":{"start":{"line":2,"column":21},"end":{"line":2,"column":null}},"3":{"start":{"line":3,"column":25},"end":{"line":3,"column":null}},"4":{"start":{"line":4,"column":24},"end":{"line":4,"column":null}},"5":{"start":{"line":7,"column":18},"end":{"line":7,"column":null}},"6":{"start":{"line":8,"column":2},"end":{"line":8,"column":null}},"7":{"start":{"line":8,"column":21},"end":{"line":8,"column":null}}},"fnMap":{"0":{"name":"SignInPage","decl":{"start":{"line":6,"column":30},"end":{"line":6,"column":null}},"loc":{"start":{"line":6,"column":30},"end":{"line":11,"column":null}}}},"branchMap":{"0":{"loc":{"start":{"line":8,"column":2},"end":{"line":8,"column":null}},"type":"if","locations":[{"start":{"line":8,"column":2},"end":{"line":8,"column":null}},{"start":{},"end":{}}]}},"s":{"0":0,"1":0,"2":0,"3":0,"4":0,"5":0,"6":0,"7":0},"f":{"0":0},"b":{"0":[0,0]}}
,"/vercel/share/v0-project/app/sign-up/page.tsx": {"path":"/vercel/share/v0-project/app/sign-up/page.tsx","statementMap":{"0":{"start":{"line":6,"column":30},"end":{"line":6,"column":null}},"1":{"start":{"line":1,"column":25},"end":{"line":1,"column":null}},"2":{"start":{"line":2,"column":21},"end":{"line":2,"column":null}},"3":{"start":{"line":3,"column":25},"end":{"line":3,"column":null}},"4":{"start":{"line":4,"column":24},"end":{"line":4,"column":null}},"5":{"start":{"line":7,"column":18},"end":{"line":7,"column":null}},"6":{"start":{"line":8,"column":2},"end":{"line":8,"column":null}},"7":{"start":{"line":8,"column":21},"end":{"line":8,"column":null}}},"fnMap":{"0":{"name":"SignUpPage","decl":{"start":{"line":6,"column":30},"end":{"line":6,"column":null}},"loc":{"start":{"line":6,"column":30},"end":{"line":11,"column":null}}}},"branchMap":{"0":{"loc":{"start":{"line":8,"column":2},"end":{"line":8,"column":null}},"type":"if","locations":[{"start":{"line":8,"column":2},"end":{"line":8,"column":null}},{"start":{},"end":{}}]}},"s":{"0":0,"1":0,"2":0,"3":0,"4":0,"5":0,"6":0,"7":0},"f":{"0":0},"b":{"0":[0,0]}}
,"/vercel/share/v0-project/components/auth-form.tsx": {"path":"/vercel/share/v0-project/components/auth-form.tsx","statementMap":{"0":{"start":{"line":12,"column":16},"end":{"line":12,"column":25}},"1":{"start":{"line":3,"column":25},"end":{"line":3,"column":null}},"2":{"start":{"line":4,"column":17},"end":{"line":4,"column":null}},"3":{"start":{"line":5,"column":26},"end":{"line":5,"column":null}},"4":{"start":{"line":6,"column":27},"end":{"line":6,"column":null}},"5":{"start":{"line":7,"column":23},"end":{"line":7,"column":null}},"6":{"start":{"line":8,"column":22},"end":{"line":8,"column":null}},"7":{"start":{"line":9,"column":22},"end":{"line":9,"column":null}},"8":{"start":{"line":10,"column":21},"end":{"line":10,"column":null}},"9":{"start":{"line":13,"column":17},"end":{"line":13,"column":null}},"10":{"start":{"line":14,"column":26},"end":{"line":14,"column":null}},"11":{"start":{"line":15,"column":28},"end":{"line":15,"column":null}},"12":{"start":{"line":16,"column":34},"end":{"line":16,"column":null}},"13":{"start":{"line":17,"column":28},"end":{"line":17,"column":null}},"14":{"start":{"line":18,"column":32},"end":{"line":18,"column":null}},"15":{"start":{"line":20,"column":19},"end":{"line":20,"column":null}},"16":{"start":{"line":22,"column":23},"end":{"line":40,"column":null}},"17":{"start":{"line":23,"column":4},"end":{"line":23,"column":null}},"18":{"start":{"line":24,"column":4},"end":{"line":24,"column":null}},"19":{"start":{"line":25,"column":4},"end":{"line":25,"column":null}},"20":{"start":{"line":27,"column":22},"end":{"line":29,"column":null}},"21":{"start":{"line":31,"column":4},"end":{"line":31,"column":null}},"22":{"start":{"line":33,"column":4},"end":{"line":36,"column":null}},"23":{"start":{"line":34,"column":6},"end":{"line":34,"column":null}},"24":{"start":{"line":35,"column":6},"end":{"line":35,"column":null}},"25":{"start":{"line":38,"column":4},"end":{"line":38,"column":null}},"26":{"start":{"line":39,"column":4},"end":{"line":39,"column":null}},"27":{"start":{"line":63,"column":33},"end":{"line":63,"column":null}},"28":{"start":{"line":75,"column":31},"end":{"line":75,"column":null}},"29":{"start":{"line":86,"column":31},"end":{"line":86,"column":null}}},"fnMap":{"0":{"name":"AuthForm","decl":{"start":{"line":12,"column":16},"end":{"line":12,"column":25}},"loc":{"start":{"line":12,"column":66},"end":{"line":120,"column":null}}},"1":{"name":"(anonymous_3)","decl":{"start":{"line":22,"column":23},"end":{"line":22,"column":30}},"loc":{"start":{"line":22,"column":30},"end":{"line":40,"column":null}}},"2":{"name":"(anonymous_4)","decl":{"start":{"line":63,"column":26},"end":{"line":63,"column":27}},"loc":{"start":{"line":63,"column":33},"end":{"line":63,"column":null}}},"3":{"name":"(anonymous_5)","decl":{"start":{"line":75,"column":24},"end":{"line":75,"column":25}},"loc":{"start":{"line":75,"column":31},"end":{"line":75,"column":null}}},"4":{"name":"(anonymous_6)","decl":{"start":{"line":86,"column":24},"end":{"line":86,"column":25}},"loc":{"start":{"line":86,"column":31},"end":{"line":86,"column":null}}}},"branchMap":{"0":{"loc":{"start":{"line":27,"column":22},"end":{"line":29,"column":null}},"type":"cond-expr","locations":[{"start":{"line":28,"column":8},"end":{"line":28,"column":null}},{"start":{"line":29,"column":8},"end":{"line":29,"column":null}}]},"1":{"loc":{"start":{"line":33,"column":4},"end":{"line":36,"column":null}},"type":"if","locations":[{"start":{"line":33,"column":4},"end":{"line":36,"column":null}},{"start":{},"end":{}}]},"2":{"loc":{"start":{"line":34,"column":15},"end":{"line":34,"column":null}},"type":"binary-expr","locations":[{"start":{"line":34,"column":15},"end":{"line":34,"column":28}},{"start":{"line":34,"column":32},"end":{"line":34,"column":null}}]},"3":{"loc":{"start":{"line":47,"column":13},"end":{"line":47,"column":null}},"type":"cond-expr","locations":[{"start":{"line":47,"column":24},"end":{"line":47,"column":46}},{"start":{"line":47,"column":46},"end":{"line":47,"column":null}}]},"4":{"loc":{"start":{"line":50,"column":13},"end":{"line":52,"column":null}},"type":"cond-expr","locations":[{"start":{"line":51,"column":16},"end":{"line":51,"column":null}},{"start":{"line":52,"column":16},"end":{"line":52,"column":null}}]},"5":{"loc":{"start":{"line":57,"column":11},"end":{"line":57,"column":null}},"type":"binary-expr","locations":[{"start":{"line":57,"column":11},"end":{"line":57,"column":null}}]},"6":{"loc":{"start":{"line":89,"column":28},"end":{"line":89,"column":null}},"type":"cond-expr","locations":[{"start":{"line":89,"column":39},"end":{"line":89,"column":56}},{"start":{"line":89,"column":56},"end":{"line":89,"column":null}}]},"7":{"loc":{"start":{"line":93,"column":11},"end":{"line":93,"column":null}},"type":"binary-expr","locations":[{"start":{"line":93,"column":11},"end":{"line":93,"column":null}}]},"8":{"loc":{"start":{"line":100,"column":13},"end":{"line":104,"column":null}},"type":"cond-expr","locations":[{"start":{"line":101,"column":16},"end":{"line":101,"column":null}},{"start":{"line":102,"column":16},"end":{"line":104,"column":null}}]},"9":{"loc":{"start":{"line":102,"column":16},"end":{"line":104,"column":null}},"type":"cond-expr","locations":[{"start":{"line":103,"column":18},"end":{"line":103,"column":null}},{"start":{"line":104,"column":18},"end":{"line":104,"column":null}}]},"10":{"loc":{"start":{"line":109,"column":11},"end":{"line":109,"column":null}},"type":"cond-expr","locations":[{"start":{"line":109,"column":22},"end":{"line":109,"column":52}},{"start":{"line":109,"column":52},"end":{"line":109,"column":null}}]},"11":{"loc":{"start":{"line":111,"column":18},"end":{"line":111,"column":null}},"type":"cond-expr","locations":[{"start":{"line":111,"column":29},"end":{"line":111,"column":42}},{"start":{"line":111,"column":42},"end":{"line":111,"column":null}}]},"12":{"loc":{"start":{"line":114,"column":13},"end":{"line":114,"column":null}},"type":"cond-expr","locations":[{"start":{"line":114,"column":24},"end":{"line":114,"column":36}},{"start":{"line":114,"column":36},"end":{"line":114,"column":null}}]}},"s":{"0":0,"1":0,"2":0,"3":0,"4":0,"5":0,"6":0,"7":0,"8":0,"9":0,"10":0,"11":0,"12":0,"13":0,"14":0,"15":0,"16":0,"17":0,"18":0,"19":0,"20":0,"21":0,"22":0,"23":0,"24":0,"25":0,"26":0,"27":0,"28":0,"29":0},"f":{"0":0,"1":0,"2":0,"3":0,"4":0},"b":{"0":[0,0],"1":[0,0],"2":[0,0],"3":[0,0],"4":[0,0],"5":[0],"6":[0,0],"7":[0],"8":[0,0],"9":[0,0],"10":[0,0],"11":[0,0],"12":[0,0]}}
,"/vercel/share/v0-project/components/badges-display.tsx": {"path":"/vercel/share/v0-project/components/badges-display.tsx","statementMap":{"0":{"start":{"line":16,"column":24},"end":{"line":16,"column":null}},"1":{"start":{"line":3,"column":21},"end":{"line":3,"column":null}},"2":{"start":{"line":4,"column":22},"end":{"line":4,"column":null}},"3":{"start":{"line":5,"column":60},"end":{"line":5,"column":null}},"4":{"start":{"line":17,"column":37},"end":{"line":65,"column":null}},"5":{"start":{"line":67,"column":24},"end":{"line":67,"column":61}},"6":{"start":{"line":67,"column":43},"end":{"line":67,"column":53}},"7":{"start":{"line":68,"column":21},"end":{"line":68,"column":34}},"8":{"start":{"line":87,"column":10},"end":{"line":88,"column":null}}},"fnMap":{"0":{"name":"BadgesDisplay","decl":{"start":{"line":16,"column":24},"end":{"line":16,"column":null}},"loc":{"start":{"line":16,"column":24},"end":{"line":130,"column":null}}},"1":{"name":"(anonymous_2)","decl":{"start":{"line":67,"column":38},"end":{"line":67,"column":43}},"loc":{"start":{"line":67,"column":43},"end":{"line":67,"column":53}}},"2":{"name":"(anonymous_3)","decl":{"start":{"line":86,"column":20},"end":{"line":86,"column":null}},"loc":{"start":{"line":87,"column":10},"end":{"line":88,"column":null}}}},"branchMap":{"0":{"loc":{"start":{"line":90,"column":14},"end":{"line":92,"column":null}},"type":"cond-expr","locations":[{"start":{"line":91,"column":18},"end":{"line":91,"column":null}},{"start":{"line":92,"column":18},"end":{"line":92,"column":null}}]},"1":{"loc":{"start":{"line":96,"column":33},"end":{"line":96,"column":92}},"type":"cond-expr","locations":[{"start":{"line":96,"column":50},"end":{"line":96,"column":67}},{"start":{"line":96,"column":67},"end":{"line":96,"column":92}}]},"2":{"loc":{"start":{"line":99,"column":15},"end":{"line":99,"column":29}},"type":"binary-expr","locations":[{"start":{"line":99,"column":15},"end":{"line":99,"column":29}}]},"3":{"loc":{"start":{"line":109,"column":13},"end":{"line":109,"column":null}},"type":"binary-expr","locations":[{"start":{"line":109,"column":13},"end":{"line":109,"column":null}}]},"4":{"loc":{"start":{"line":118,"column":22},"end":{"line":118,"column":null}},"type":"cond-expr","locations":[{"start":{"line":118,"column":39},"end":{"line":118,"column":54}},{"start":{"line":118,"column":54},"end":{"line":118,"column":null}}]}},"s":{"0":7,"1":1,"2":1,"3":1,"4":7,"5":7,"6":42,"7":7,"8":42},"f":{"0":7,"1":42,"2":42},"b":{"0":[14,28],"1":[14,28],"2":[42],"3":[42],"4":[7,28]}}
,"/vercel/share/v0-project/components/dashboard-layout.tsx": {"path":"/vercel/share/v0-project/components/dashboard-layout.tsx","statementMap":{"0":{"start":{"line":17,"column":24},"end":{"line":17,"column":null}},"1":{"start":{"line":3,"column":25},"end":{"line":3,"column":null}},"2":{"start":{"line":4,"column":48},"end":{"line":4,"column":null}},"3":{"start":{"line":5,"column":27},"end":{"line":5,"column":null}},"4":{"start":{"line":6,"column":26},"end":{"line":6,"column":null}},"5":{"start":{"line":7,"column":23},"end":{"line":7,"column":null}},"6":{"start":{"line":8,"column":21},"end":{"line":8,"column":null}},"7":{"start":{"line":9,"column":20},"end":{"line":9,"column":null}},"8":{"start":{"line":10,"column":27},"end":{"line":10,"column":null}},"9":{"start":{"line":11,"column":24},"end":{"line":11,"column":null}},"10":{"start":{"line":12,"column":26},"end":{"line":12,"column":null}},"11":{"start":{"line":13,"column":27},"end":{"line":13,"column":null}},"12":{"start":{"line":14,"column":23},"end":{"line":14,"column":null}},"13":{"start":{"line":15,"column":40},"end":{"line":15,"column":null}},"14":{"start":{"line":18,"column":36},"end":{"line":18,"column":null}},"15":{"start":{"line":19,"column":40},"end":{"line":19,"column":null}},"16":{"start":{"line":20,"column":17},"end":{"line":20,"column":null}},"17":{"start":{"line":22,"column":23},"end":{"line":25,"column":null}},"18":{"start":{"line":23,"column":4},"end":{"line":23,"column":null}},"19":{"start":{"line":24,"column":4},"end":{"line":24,"column":null}},"20":{"start":{"line":46,"column":29},"end":{"line":46,"column":null}},"21":{"start":{"line":73,"column":43},"end":{"line":73,"column":null}}},"fnMap":{"0":{"name":"DashboardLayout","decl":{"start":{"line":17,"column":24},"end":{"line":17,"column":null}},"loc":{"start":{"line":17,"column":24},"end":{"line":168,"column":null}}},"1":{"name":"(anonymous_3)","decl":{"start":{"line":22,"column":23},"end":{"line":22,"column":null}},"loc":{"start":{"line":22,"column":23},"end":{"line":25,"column":null}}},"2":{"name":"(anonymous_4)","decl":{"start":{"line":46,"column":23},"end":{"line":46,"column":29}},"loc":{"start":{"line":46,"column":29},"end":{"line":46,"column":null}}},"3":{"name":"(anonymous_5)","decl":{"start":{"line":73,"column":37},"end":{"line":73,"column":43}},"loc":{"start":{"line":73,"column":43},"end":{"line":73,"column":null}}}},"branchMap":{"0":{"loc":{"start":{"line":72,"column":11},"end":{"line":72,"column":null}},"type":"binary-expr","locations":[{"start":{"line":72,"column":11},"end":{"line":72,"column":null}}]},"1":{"loc":{"start":{"line":76,"column":11},"end":{"line":76,"column":27}},"type":"binary-expr","locations":[{"start":{"line":76,"column":11},"end":{"line":76,"column":27}},{"start":{"line":76,"column":27},"end":{"line":76,"column":null}}]},"2":{"loc":{"start":{"line":144,"column":11},"end":{"line":144,"column":27}},"type":"binary-expr","locations":[{"start":{"line":144,"column":11},"end":{"line":144,"column":27}},{"start":{"line":144,"column":27},"end":{"line":144,"column":null}}]},"3":{"loc":{"start":{"line":151,"column":11},"end":{"line":151,"column":27}},"type":"binary-expr","locations":[{"start":{"line":151,"column":11},"end":{"line":151,"column":27}},{"start":{"line":151,"column":27},"end":{"line":151,"column":null}}]},"4":{"loc":{"start":{"line":158,"column":11},"end":{"line":158,"column":27}},"type":"binary-expr","locations":[{"start":{"line":158,"column":11},"end":{"line":158,"column":27}},{"start":{"line":158,"column":27},"end":{"line":158,"column":null}}]}},"s":{"0":0,"1":0,"2":0,"3":0,"4":0,"5":0,"6":0,"7":0,"8":0,"9":0,"10":0,"11":0,"12":0,"13":0,"14":0,"15":0,"16":0,"17":0,"18":0,"19":0,"20":0,"21":0},"f":{"0":0,"1":0,"2":0,"3":0},"b":{"0":[0],"1":[0,0],"2":[0,0],"3":[0,0],"4":[0,0]}}
,"/vercel/share/v0-project/components/personalized-recommendations.tsx": {"path":"/vercel/share/v0-project/components/personalized-recommendations.tsx","statementMap":{"0":{"start":{"line":16,"column":24},"end":{"line":16,"column":null}},"1":{"start":{"line":3,"column":23},"end":{"line":3,"column":null}},"2":{"start":{"line":4,"column":21},"end":{"line":4,"column":null}},"3":{"start":{"line":5,"column":45},"end":{"line":5,"column":null}},"4":{"start":{"line":18,"column":44},"end":{"line":43,"column":null}},"5":{"start":{"line":45,"column":29},"end":{"line":56,"column":null}},"6":{"start":{"line":46,"column":4},"end":{"line":55,"column":null}},"7":{"start":{"line":48,"column":8},"end":{"line":48,"column":null}},"8":{"start":{"line":50,"column":8},"end":{"line":50,"column":null}},"9":{"start":{"line":52,"column":8},"end":{"line":52,"column":null}},"10":{"start":{"line":54,"column":8},"end":{"line":54,"column":null}},"11":{"start":{"line":72,"column":10},"end":{"line":73,"column":null}}},"fnMap":{"0":{"name":"PersonalizedRecommendations","decl":{"start":{"line":16,"column":24},"end":{"line":16,"column":null}},"loc":{"start":{"line":16,"column":24},"end":{"line":114,"column":null}}},"1":{"name":"(anonymous_2)","decl":{"start":{"line":45,"column":29},"end":{"line":45,"column":30}},"loc":{"start":{"line":45,"column":30},"end":{"line":56,"column":null}}},"2":{"name":"(anonymous_3)","decl":{"start":{"line":71,"column":29},"end":{"line":71,"column":null}},"loc":{"start":{"line":72,"column":10},"end":{"line":73,"column":null}}}},"branchMap":{"0":{"loc":{"start":{"line":46,"column":4},"end":{"line":55,"column":null}},"type":"switch","locations":[{"start":{"line":47,"column":6},"end":{"line":48,"column":null}},{"start":{"line":49,"column":6},"end":{"line":50,"column":null}},{"start":{"line":51,"column":6},"end":{"line":52,"column":null}},{"start":{"line":53,"column":6},"end":{"line":54,"column":null}}]}},"s":{"0":8,"1":1,"2":1,"3":1,"4":8,"5":8,"6":24,"7":8,"8":8,"9":8,"10":0,"11":24},"f":{"0":8,"1":24,"2":24},"b":{"0":[8,8,8,0]}}
,"/vercel/share/v0-project/components/quick-track.tsx": {"path":"/vercel/share/v0-project/components/quick-track.tsx","statementMap":{"0":{"start":{"line":17,"column":24},"end":{"line":17,"column":null}},"1":{"start":{"line":3,"column":25},"end":{"line":3,"column":null}},"2":{"start":{"line":4,"column":21},"end":{"line":4,"column":null}},"3":{"start":{"line":5,"column":23},"end":{"line":5,"column":null}},"4":{"start":{"line":6,"column":50},"end":{"line":6,"column":null}},"5":{"start":{"line":18,"column":42},"end":{"line":18,"column":null}},"6":{"start":{"line":20,"column":38},"end":{"line":53,"column":null}},"7":{"start":{"line":55,"column":27},"end":{"line":59,"column":null}},"8":{"start":{"line":56,"column":4},"end":{"line":58,"column":null}},"9":{"start":{"line":57,"column":6},"end":{"line":57,"column":null}},"10":{"start":{"line":61,"column":21},"end":{"line":64,"column":null}},"11":{"start":{"line":62,"column":19},"end":{"line":62,"column":null}},"12":{"start":{"line":62,"column":42},"end":{"line":62,"column":null}},"13":{"start":{"line":63,"column":4},"end":{"line":63,"column":null}},"14":{"start":{"line":83,"column":28},"end":{"line":83,"column":null}},"15":{"start":{"line":84,"column":10},"end":{"line":86,"column":null}},"16":{"start":{"line":87,"column":29},"end":{"line":87,"column":null}},"17":{"start":{"line":112,"column":23},"end":{"line":112,"column":null}}},"fnMap":{"0":{"name":"QuickTrack","decl":{"start":{"line":17,"column":24},"end":{"line":17,"column":null}},"loc":{"start":{"line":17,"column":24},"end":{"line":120,"column":null}}},"1":{"name":"(anonymous_2)","decl":{"start":{"line":55,"column":27},"end":{"line":55,"column":28}},"loc":{"start":{"line":55,"column":28},"end":{"line":59,"column":null}}},"2":{"name":"(anonymous_3)","decl":{"start":{"line":61,"column":41},"end":{"line":61,"column":42}},"loc":{"start":{"line":61,"column":47},"end":{"line":64,"column":5}}},"3":{"name":"(anonymous_4)","decl":{"start":{"line":62,"column":37},"end":{"line":62,"column":42}},"loc":{"start":{"line":62,"column":42},"end":{"line":62,"column":null}}},"4":{"name":"(anonymous_5)","decl":{"start":{"line":82,"column":26},"end":{"line":82,"column":null}},"loc":{"start":{"line":82,"column":26},"end":{"line":108,"column":null}}},"5":{"name":"(anonymous_6)","decl":{"start":{"line":87,"column":23},"end":{"line":87,"column":29}},"loc":{"start":{"line":87,"column":29},"end":{"line":87,"column":null}}},"6":{"name":"(anonymous_7)","decl":{"start":{"line":112,"column":17},"end":{"line":112,"column":23}},"loc":{"start":{"line":112,"column":23},"end":{"line":112,"column":null}}}},"branchMap":{"0":{"loc":{"start":{"line":56,"column":4},"end":{"line":58,"column":null}},"type":"if","locations":[{"start":{"line":56,"column":4},"end":{"line":58,"column":null}},{"start":{},"end":{}}]},"1":{"loc":{"start":{"line":63,"column":18},"end":{"line":63,"column":null}},"type":"binary-expr","locations":[{"start":{"line":63,"column":18},"end":{"line":63,"column":35}},{"start":{"line":63,"column":35},"end":{"line":63,"column":null}}]},"2":{"loc":{"start":{"line":73,"column":7},"end":{"line":73,"column":null}},"type":"binary-expr","locations":[{"start":{"line":73,"column":7},"end":{"line":73,"column":null}}]},"3":{"loc":{"start":{"line":90,"column":16},"end":{"line":92,"column":73}},"type":"cond-expr","locations":[{"start":{"line":91,"column":20},"end":{"line":91,"column":null}},{"start":{"line":92,"column":20},"end":{"line":92,"column":73}}]},"4":{"loc":{"start":{"line":103,"column":17},"end":{"line":103,"column":30}},"type":"binary-expr","locations":[{"start":{"line":103,"column":17},"end":{"line":103,"column":30}}]}},"s":{"0":6,"1":1,"2":1,"3":1,"4":1,"5":12,"6":12,"7":12,"8":5,"9":5,"10":12,"11":6,"12":7,"13":6,"14":48,"15":48,"16":5,"17":1},"f":{"0":12,"1":5,"2":6,"3":7,"4":48,"5":5,"6":1},"b":{"0":[5,0],"1":[6,0],"2":[12],"3":[6,42],"4":[48]}}
,"/vercel/share/v0-project/components/receipt-scanner.tsx": {"path":"/vercel/share/v0-project/components/receipt-scanner.tsx","statementMap":{"0":{"start":{"line":13,"column":24},"end":{"line":13,"column":39}},"1":{"start":{"line":3,"column":25},"end":{"line":3,"column":null}},"2":{"start":{"line":4,"column":23},"end":{"line":4,"column":null}},"3":{"start":{"line":5,"column":21},"end":{"line":5,"column":null}},"4":{"start":{"line":6,"column":35},"end":{"line":6,"column":null}},"5":{"start":{"line":14,"column":36},"end":{"line":14,"column":null}},"6":{"start":{"line":15,"column":38},"end":{"line":15,"column":null}},"7":{"start":{"line":16,"column":28},"end":{"line":16,"column":null}},"8":{"start":{"line":17,"column":30},"end":{"line":17,"column":null}},"9":{"start":{"line":19,"column":28},"end":{"line":41,"column":null}},"10":{"start":{"line":20,"column":17},"end":{"line":20,"column":36}},"11":{"start":{"line":21,"column":4},"end":{"line":21,"column":null}},"12":{"start":{"line":21,"column":15},"end":{"line":21,"column":null}},"13":{"start":{"line":23,"column":4},"end":{"line":23,"column":null}},"14":{"start":{"line":24,"column":4},"end":{"line":24,"column":null}},"15":{"start":{"line":26,"column":4},"end":{"line":40,"column":null}},"16":{"start":{"line":28,"column":21},"end":{"line":28,"column":null}},"17":{"start":{"line":29,"column":6},"end":{"line":35,"column":null}},"18":{"start":{"line":30,"column":24},"end":{"line":30,"column":70}},"19":{"start":{"line":31,"column":8},"end":{"line":31,"column":null}},"20":{"start":{"line":34,"column":8},"end":{"line":34,"column":null}},"21":{"start":{"line":36,"column":6},"end":{"line":36,"column":null}},"22":{"start":{"line":38,"column":6},"end":{"line":38,"column":null}},"23":{"start":{"line":39,"column":6},"end":{"line":39,"column":null}},"24":{"start":{"line":43,"column":25},"end":{"line":61,"column":null}},"25":{"start":{"line":44,"column":4},"end":{"line":60,"column":null}},"26":{"start":{"line":45,"column":23},"end":{"line":49,"column":null}},"27":{"start":{"line":51,"column":6},"end":{"line":51,"column":null}},"28":{"start":{"line":51,"column":24},"end":{"line":51,"column":null}},"29":{"start":{"line":53,"column":19},"end":{"line":53,"column":null}},"30":{"start":{"line":54,"column":6},"end":{"line":54,"column":null}},"31":{"start":{"line":55,"column":6},"end":{"line":55,"column":null}},"32":{"start":{"line":57,"column":6},"end":{"line":57,"column":null}},"33":{"start":{"line":59,"column":6},"end":{"line":59,"column":null}},"34":{"start":{"line":90,"column":35},"end":{"line":90,"column":null}},"35":{"start":{"line":126,"column":26},"end":{"line":126,"column":null}},"36":{"start":{"line":127,"column":26},"end":{"line":127,"column":null}},"37":{"start":{"line":169,"column":22},"end":{"line":169,"column":37}},"38":{"start":{"line":185,"column":18},"end":{"line":185,"column":null}},"39":{"start":{"line":186,"column":18},"end":{"line":186,"column":null}},"40":{"start":{"line":187,"column":18},"end":{"line":187,"column":null}},"41":{"start":{"line":196,"column":18},"end":{"line":196,"column":null}},"42":{"start":{"line":197,"column":18},"end":{"line":197,"column":null}}},"fnMap":{"0":{"name":"ReceiptScanner","decl":{"start":{"line":13,"column":24},"end":{"line":13,"column":39}},"loc":{"start":{"line":13,"column":91},"end":{"line":210,"column":null}}},"1":{"name":"(anonymous_2)","decl":{"start":{"line":19,"column":28},"end":{"line":19,"column":35}},"loc":{"start":{"line":19,"column":35},"end":{"line":41,"column":null}}},"2":{"name":"(anonymous_3)","decl":{"start":{"line":29,"column":22},"end":{"line":29,"column":23}},"loc":{"start":{"line":29,"column":23},"end":{"line":35,"column":null}}},"3":{"name":"(anonymous_4)","decl":{"start":{"line":43,"column":25},"end":{"line":43,"column":32}},"loc":{"start":{"line":43,"column":32},"end":{"line":61,"column":null}}},"4":{"name":"(anonymous_5)","decl":{"start":{"line":90,"column":29},"end":{"line":90,"column":35}},"loc":{"start":{"line":90,"column":35},"end":{"line":90,"column":null}}},"5":{"name":"(anonymous_6)","decl":{"start":{"line":125,"column":33},"end":{"line":125,"column":null}},"loc":{"start":{"line":125,"column":33},"end":{"line":128,"column":null}}},"6":{"name":"(anonymous_7)","decl":{"start":{"line":168,"column":39},"end":{"line":168,"column":40}},"loc":{"start":{"line":169,"column":22},"end":{"line":169,"column":37}}},"7":{"name":"(anonymous_8)","decl":{"start":{"line":184,"column":25},"end":{"line":184,"column":null}},"loc":{"start":{"line":184,"column":25},"end":{"line":188,"column":null}}},"8":{"name":"(anonymous_9)","decl":{"start":{"line":195,"column":25},"end":{"line":195,"column":null}},"loc":{"start":{"line":195,"column":25},"end":{"line":198,"column":null}}}},"branchMap":{"0":{"loc":{"start":{"line":21,"column":4},"end":{"line":21,"column":null}},"type":"if","locations":[{"start":{"line":21,"column":4},"end":{"line":21,"column":null}},{"start":{},"end":{}}]},"1":{"loc":{"start":{"line":51,"column":6},"end":{"line":51,"column":null}},"type":"if","locations":[{"start":{"line":51,"column":6},"end":{"line":51,"column":null}},{"start":{},"end":{}}]},"2":{"loc":{"start":{"line":81,"column":11},"end":{"line":81,"column":null}},"type":"binary-expr","locations":[{"start":{"line":81,"column":11},"end":{"line":81,"column":null}}]},"3":{"loc":{"start":{"line":84,"column":16},"end":{"line":108,"column":null}},"type":"cond-expr","locations":[{"start":{"line":84,"column":16},"end":{"line":108,"column":null}}]},"4":{"loc":{"start":{"line":118,"column":20},"end":{"line":123,"column":null}},"type":"cond-expr","locations":[{"start":{"line":118,"column":20},"end":{"line":123,"column":null}}]},"5":{"loc":{"start":{"line":139,"column":15},"end":{"line":139,"column":null}},"type":"binary-expr","locations":[{"start":{"line":139,"column":15},"end":{"line":139,"column":null}}]},"6":{"loc":{"start":{"line":147,"column":11},"end":{"line":147,"column":null}},"type":"binary-expr","locations":[{"start":{"line":147,"column":11},"end":{"line":147,"column":null}}]},"7":{"loc":{"start":{"line":152,"column":56},"end":{"line":152,"column":null}},"type":"binary-expr","locations":[{"start":{"line":152,"column":56},"end":{"line":152,"column":68}},{"start":{"line":152,"column":72},"end":{"line":152,"column":null}}]},"8":{"loc":{"start":{"line":157,"column":42},"end":{"line":157,"column":null}},"type":"binary-expr","locations":[{"start":{"line":157,"column":42},"end":{"line":157,"column":53}},{"start":{"line":157,"column":57},"end":{"line":157,"column":null}}]},"9":{"loc":{"start":{"line":162,"column":53},"end":{"line":162,"column":null}},"type":"binary-expr","locations":[{"start":{"line":162,"column":53},"end":{"line":162,"column":68}},{"start":{"line":162,"column":72},"end":{"line":162,"column":null}}]}},"s":{"0":8,"1":1,"2":1,"3":1,"4":1,"5":8,"6":8,"7":8,"8":8,"9":8,"10":0,"11":0,"12":0,"13":0,"14":0,"15":0,"16":0,"17":0,"18":0,"19":0,"20":0,"21":0,"22":0,"23":0,"24":8,"25":0,"26":0,"27":0,"28":0,"29":0,"30":0,"31":0,"32":0,"33":0,"34":0,"35":0,"36":0,"37":0,"38":0,"39":0,"40":0,"41":0,"42":0},"f":{"0":8,"1":0,"2":0,"3":0,"4":0,"5":0,"6":0,"7":0,"8":0},"b":{"0":[0,0],"1":[0,0],"2":[8],"3":[8],"4":[0],"5":[8],"6":[8],"7":[0,0],"8":[0,0],"9":[0,0]}}
,"/vercel/share/v0-project/components/sidebar.tsx": {"path":"/vercel/share/v0-project/components/sidebar.tsx","statementMap":{"0":{"start":{"line":11,"column":24},"end":{"line":11,"column":32}},"1":{"start":{"line":3,"column":50},"end":{"line":3,"column":null}},"2":{"start":{"line":4,"column":23},"end":{"line":4,"column":null}},"3":{"start":{"line":12,"column":19},"end":{"line":17,"column":null}},"4":{"start":{"line":37,"column":23},"end":{"line":37,"column":32}},"5":{"start":{"line":38,"column":27},"end":{"line":38,"column":48}},"6":{"start":{"line":39,"column":10},"end":{"line":41,"column":null}},"7":{"start":{"line":42,"column":29},"end":{"line":42,"column":null}}},"fnMap":{"0":{"name":"Sidebar","decl":{"start":{"line":11,"column":24},"end":{"line":11,"column":32}},"loc":{"start":{"line":11,"column":72},"end":{"line":65,"column":null}}},"1":{"name":"(anonymous_2)","decl":{"start":{"line":36,"column":22},"end":{"line":36,"column":23}},"loc":{"start":{"line":36,"column":23},"end":{"line":54,"column":null}}},"2":{"name":"(anonymous_3)","decl":{"start":{"line":42,"column":23},"end":{"line":42,"column":29}},"loc":{"start":{"line":42,"column":29},"end":{"line":42,"column":null}}}},"branchMap":{"0":{"loc":{"start":{"line":43,"column":23},"end":{"line":43,"column":null}},"type":"cond-expr","locations":[{"start":{"line":43,"column":34},"end":{"line":43,"column":46}},{"start":{"line":43,"column":46},"end":{"line":43,"column":null}}]},"1":{"loc":{"start":{"line":45,"column":16},"end":{"line":47,"column":null}},"type":"cond-expr","locations":[{"start":{"line":46,"column":20},"end":{"line":46,"column":null}},{"start":{"line":47,"column":20},"end":{"line":47,"column":null}}]}},"s":{"0":0,"1":0,"2":0,"3":0,"4":0,"5":0,"6":0,"7":0},"f":{"0":0,"1":0,"2":0},"b":{"0":[0,0],"1":[0,0]}}
,"/vercel/share/v0-project/components/today-footprint.tsx": {"path":"/vercel/share/v0-project/components/today-footprint.tsx","statementMap":{"0":{"start":{"line":19,"column":24},"end":{"line":19,"column":null}},"1":{"start":{"line":3,"column":25},"end":{"line":3,"column":null}},"2":{"start":{"line":4,"column":21},"end":{"line":4,"column":null}},"3":{"start":{"line":5,"column":22},"end":{"line":5,"column":null}},"4":{"start":{"line":6,"column":23},"end":{"line":6,"column":null}},"5":{"start":{"line":7,"column":33},"end":{"line":7,"column":null}},"6":{"start":{"line":20,"column":38},"end":{"line":37,"column":null}},"7":{"start":{"line":39,"column":21},"end":{"line":43,"column":null}},"8":{"start":{"line":40,"column":4},"end":{"line":41,"column":null}},"9":{"start":{"line":41,"column":6},"end":{"line":41,"column":null}},"10":{"start":{"line":41,"column":20},"end":{"line":41,"column":null}},"11":{"start":{"line":45,"column":21},"end":{"line":49,"column":null}},"12":{"start":{"line":46,"column":4},"end":{"line":47,"column":null}},"13":{"start":{"line":47,"column":6},"end":{"line":47,"column":null}},"14":{"start":{"line":47,"column":20},"end":{"line":47,"column":null}},"15":{"start":{"line":51,"column":23},"end":{"line":53,"column":null}},"16":{"start":{"line":52,"column":4},"end":{"line":52,"column":null}},"17":{"start":{"line":52,"column":26},"end":{"line":52,"column":null}},"18":{"start":{"line":52,"column":43},"end":{"line":52,"column":null}},"19":{"start":{"line":55,"column":19},"end":{"line":57,"column":null}},"20":{"start":{"line":56,"column":17},"end":{"line":56,"column":null}},"21":{"start":{"line":57,"column":24},"end":{"line":57,"column":37}},"22":{"start":{"line":59,"column":49},"end":{"line":65,"column":null}},"23":{"start":{"line":81,"column":12},"end":{"line":82,"column":null}},"24":{"start":{"line":118,"column":37},"end":{"line":118,"column":null}},"25":{"start":{"line":129,"column":37},"end":{"line":129,"column":null}},"26":{"start":{"line":139,"column":35},"end":{"line":139,"column":null}}},"fnMap":{"0":{"name":"TodayFootprint","decl":{"start":{"line":19,"column":24},"end":{"line":19,"column":null}},"loc":{"start":{"line":19,"column":24},"end":{"line":155,"column":null}}},"1":{"name":"(anonymous_2)","decl":{"start":{"line":39,"column":21},"end":{"line":39,"column":22}},"loc":{"start":{"line":39,"column":22},"end":{"line":43,"column":null}}},"2":{"name":"(anonymous_3)","decl":{"start":{"line":40,"column":18},"end":{"line":40,"column":null}},"loc":{"start":{"line":41,"column":6},"end":{"line":41,"column":null}}},"3":{"name":"(anonymous_4)","decl":{"start":{"line":41,"column":15},"end":{"line":41,"column":20}},"loc":{"start":{"line":41,"column":20},"end":{"line":41,"column":null}}},"4":{"name":"(anonymous_5)","decl":{"start":{"line":45,"column":21},"end":{"line":45,"column":22}},"loc":{"start":{"line":45,"column":22},"end":{"line":49,"column":null}}},"5":{"name":"(anonymous_6)","decl":{"start":{"line":46,"column":18},"end":{"line":46,"column":null}},"loc":{"start":{"line":47,"column":6},"end":{"line":47,"column":null}}},"6":{"name":"(anonymous_7)","decl":{"start":{"line":47,"column":15},"end":{"line":47,"column":20}},"loc":{"start":{"line":47,"column":20},"end":{"line":47,"column":null}}},"7":{"name":"(anonymous_8)","decl":{"start":{"line":51,"column":23},"end":{"line":51,"column":24}},"loc":{"start":{"line":51,"column":24},"end":{"line":53,"column":null}}},"8":{"name":"(anonymous_9)","decl":{"start":{"line":52,"column":18},"end":{"line":52,"column":26}},"loc":{"start":{"line":52,"column":26},"end":{"line":52,"column":null}}},"9":{"name":"(anonymous_10)","decl":{"start":{"line":52,"column":38},"end":{"line":52,"column":43}},"loc":{"start":{"line":52,"column":43},"end":{"line":52,"column":null}}},"10":{"name":"(anonymous_11)","decl":{"start":{"line":56,"column":12},"end":{"line":56,"column":17}},"loc":{"start":{"line":56,"column":17},"end":{"line":56,"column":null}}},"11":{"name":"(anonymous_12)","decl":{"start":{"line":57,"column":12},"end":{"line":57,"column":13}},"loc":{"start":{"line":57,"column":24},"end":{"line":57,"column":37}}},"12":{"name":"(anonymous_13)","decl":{"start":{"line":80,"column":26},"end":{"line":80,"column":null}},"loc":{"start":{"line":81,"column":12},"end":{"line":82,"column":null}}},"13":{"name":"(anonymous_14)","decl":{"start":{"line":118,"column":31},"end":{"line":118,"column":37}},"loc":{"start":{"line":118,"column":37},"end":{"line":118,"column":null}}},"14":{"name":"(anonymous_15)","decl":{"start":{"line":129,"column":31},"end":{"line":129,"column":37}},"loc":{"start":{"line":129,"column":37},"end":{"line":129,"column":null}}},"15":{"name":"(anonymous_16)","decl":{"start":{"line":139,"column":29},"end":{"line":139,"column":35}},"loc":{"start":{"line":139,"column":35},"end":{"line":139,"column":null}}}},"branchMap":{"0":{"loc":{"start":{"line":41,"column":20},"end":{"line":41,"column":null}},"type":"cond-expr","locations":[{"start":{"line":41,"column":34},"end":{"line":41,"column":63}},{"start":{"line":41,"column":63},"end":{"line":41,"column":null}}]},"1":{"loc":{"start":{"line":47,"column":20},"end":{"line":47,"column":null}},"type":"cond-expr","locations":[{"start":{"line":47,"column":34},"end":{"line":47,"column":64}},{"start":{"line":47,"column":64},"end":{"line":47,"column":null}}]},"2":{"loc":{"start":{"line":77,"column":8},"end":{"line":79,"column":9}},"type":"cond-expr","locations":[{"start":{"line":77,"column":8},"end":{"line":79,"column":9}}]},"3":{"loc":{"start":{"line":84,"column":16},"end":{"line":86,"column":null}},"type":"cond-expr","locations":[{"start":{"line":85,"column":20},"end":{"line":85,"column":null}},{"start":{"line":86,"column":20},"end":{"line":86,"column":null}}]},"4":{"loc":{"start":{"line":93,"column":31},"end":{"line":93,"column":null}},"type":"binary-expr","locations":[{"start":{"line":93,"column":31},"end":{"line":93,"column":65}},{"start":{"line":93,"column":69},"end":{"line":93,"column":null}}]},"5":{"loc":{"start":{"line":97,"column":19},"end":{"line":97,"column":null}},"type":"binary-expr","locations":[{"start":{"line":97,"column":19},"end":{"line":97,"column":null}}]},"6":{"loc":{"start":{"line":100,"column":19},"end":{"line":100,"column":null}},"type":"binary-expr","locations":[{"start":{"line":100,"column":19},"end":{"line":100,"column":null}}]},"7":{"loc":{"start":{"line":116,"column":19},"end":{"line":116,"column":null}},"type":"binary-expr","locations":[{"start":{"line":116,"column":19},"end":{"line":116,"column":null}}]},"8":{"loc":{"start":{"line":127,"column":19},"end":{"line":127,"column":null}},"type":"binary-expr","locations":[{"start":{"line":127,"column":19},"end":{"line":127,"column":null}}]}},"s":{"0":7,"1":1,"2":1,"3":1,"4":1,"5":1,"6":7,"7":7,"8":0,"9":0,"10":0,"11":7,"12":0,"13":0,"14":0,"15":7,"16":0,"17":0,"18":0,"19":7,"20":14,"21":14,"22":7,"23":14,"24":0,"25":0,"26":0},"f":{"0":7,"1":0,"2":0,"3":0,"4":0,"5":0,"6":0,"7":0,"8":0,"9":0,"10":14,"11":14,"12":14,"13":0,"14":0,"15":0},"b":{"0":[0,0],"1":[0,0],"2":[0],"3":[0,14],"4":[14,0],"5":[14],"6":[14],"7":[14],"8":[14]}}
,"/vercel/share/v0-project/components/trends-chart.tsx": {"path":"/vercel/share/v0-project/components/trends-chart.tsx","statementMap":{"0":{"start":{"line":6,"column":24},"end":{"line":6,"column":null}},"1":{"start":{"line":3,"column":21},"end":{"line":3,"column":null}},"2":{"start":{"line":4,"column":99},"end":{"line":4,"column":null}},"3":{"start":{"line":8,"column":15},"end":{"line":21,"column":null}},"4":{"start":{"line":23,"column":26},"end":{"line":28,"column":null}},"5":{"start":{"line":24,"column":34},"end":{"line":24,"column":46}},"6":{"start":{"line":25,"column":39},"end":{"line":25,"column":56}},"7":{"start":{"line":26,"column":38},"end":{"line":26,"column":54}},"8":{"start":{"line":27,"column":41},"end":{"line":27,"column":60}}},"fnMap":{"0":{"name":"TrendsChart","decl":{"start":{"line":6,"column":24},"end":{"line":6,"column":null}},"loc":{"start":{"line":6,"column":24},"end":{"line":132,"column":null}}},"1":{"name":"(anonymous_2)","decl":{"start":{"line":24,"column":22},"end":{"line":24,"column":23}},"loc":{"start":{"line":24,"column":34},"end":{"line":24,"column":46}}},"2":{"name":"(anonymous_3)","decl":{"start":{"line":25,"column":27},"end":{"line":25,"column":28}},"loc":{"start":{"line":25,"column":39},"end":{"line":25,"column":56}}},"3":{"name":"(anonymous_4)","decl":{"start":{"line":26,"column":26},"end":{"line":26,"column":27}},"loc":{"start":{"line":26,"column":38},"end":{"line":26,"column":54}}},"4":{"name":"(anonymous_5)","decl":{"start":{"line":27,"column":29},"end":{"line":27,"column":30}},"loc":{"start":{"line":27,"column":41},"end":{"line":27,"column":60}}}},"branchMap":{},"s":{"0":8,"1":1,"2":1,"3":8,"4":8,"5":96,"6":96,"7":96,"8":96},"f":{"0":8,"1":96,"2":96,"3":96,"4":96},"b":{}}
,"/vercel/share/v0-project/components/ui/badge.tsx": {"path":"/vercel/share/v0-project/components/ui/badge.tsx","statementMap":{"0":{"start":{"line":52,"column":9},"end":{"line":52,"column":16}},"1":{"start":{"line":52,"column":16},"end":{"line":52,"column":null}},"2":{"start":{"line":1,"column":27},"end":{"line":1,"column":null}},"3":{"start":{"line":2,"column":26},"end":{"line":2,"column":null}},"4":{"start":{"line":3,"column":39},"end":{"line":3,"column":null}},"5":{"start":{"line":5,"column":19},"end":{"line":5,"column":null}},"6":{"start":{"line":7,"column":22},"end":{"line":27,"column":null}},"7":{"start":{"line":36,"column":2},"end":{"line":49,"column":null}}},"fnMap":{"0":{"name":"Badge","decl":{"start":{"line":30,"column":9},"end":{"line":30,"column":15}},"loc":{"start":{"line":35,"column":72},"end":{"line":50,"column":null}}}},"branchMap":{"0":{"loc":{"start":{"line":32,"column":2},"end":{"line":32,"column":21}},"type":"default-arg","locations":[{"start":{"line":32,"column":12},"end":{"line":32,"column":21}}]}},"s":{"0":42,"1":0,"2":2,"3":2,"4":2,"5":2,"6":2,"7":42},"f":{"0":42},"b":{"0":[0]}}
,"/vercel/share/v0-project/components/ui/button.tsx": {"path":"/vercel/share/v0-project/components/ui/button.tsx","statementMap":{"0":{"start":{"line":58,"column":9},"end":{"line":58,"column":17}},"1":{"start":{"line":58,"column":17},"end":{"line":58,"column":null}},"2":{"start":{"line":1,"column":42},"end":{"line":1,"column":null}},"3":{"start":{"line":2,"column":39},"end":{"line":2,"column":null}},"4":{"start":{"line":4,"column":19},"end":{"line":4,"column":null}},"5":{"start":{"line":6,"column":23},"end":{"line":40,"column":null}}},"fnMap":{"0":{"name":"Button","decl":{"start":{"line":43,"column":9},"end":{"line":43,"column":16}},"loc":{"start":{"line":48,"column":62},"end":{"line":56,"column":null}}}},"branchMap":{"0":{"loc":{"start":{"line":45,"column":2},"end":{"line":45,"column":21}},"type":"default-arg","locations":[{"start":{"line":45,"column":12},"end":{"line":45,"column":21}}]},"1":{"loc":{"start":{"line":46,"column":2},"end":{"line":46,"column":18}},"type":"default-arg","locations":[{"start":{"line":46,"column":9},"end":{"line":46,"column":18}}]}},"s":{"0":122,"1":0,"2":4,"3":4,"4":4,"5":4},"f":{"0":122},"b":{"0":[48],"1":[48]}}
,"/vercel/share/v0-project/components/ui/card.tsx": {"path":"/vercel/share/v0-project/components/ui/card.tsx","statementMap":{"0":{"start":{"line":96,"column":2},"end":{"line":96,"column":null}},"1":{"start":{"line":100,"column":2},"end":{"line":100,"column":null}},"2":{"start":{"line":102,"column":2},"end":{"line":102,"column":null}},"3":{"start":{"line":101,"column":2},"end":{"line":101,"column":null}},"4":{"start":{"line":98,"column":2},"end":{"line":98,"column":null}},"5":{"start":{"line":97,"column":2},"end":{"line":97,"column":null}},"6":{"start":{"line":99,"column":2},"end":{"line":99,"column":null}},"7":{"start":{"line":1,"column":23},"end":{"line":1,"column":null}},"8":{"start":{"line":3,"column":19},"end":{"line":3,"column":null}}},"fnMap":{"0":{"name":"Card","decl":{"start":{"line":5,"column":9},"end":{"line":5,"column":14}},"loc":{"start":{"line":9,"column":60},"end":{"line":21,"column":null}}},"1":{"name":"CardHeader","decl":{"start":{"line":23,"column":9},"end":{"line":23,"column":20}},"loc":{"start":{"line":23,"column":72},"end":{"line":34,"column":null}}},"2":{"name":"CardTitle","decl":{"start":{"line":36,"column":9},"end":{"line":36,"column":19}},"loc":{"start":{"line":36,"column":71},"end":{"line":47,"column":null}}},"3":{"name":"CardDescription","decl":{"start":{"line":49,"column":9},"end":{"line":49,"column":25}},"loc":{"start":{"line":49,"column":77},"end":{"line":57,"column":null}}},"4":{"name":"CardAction","decl":{"start":{"line":59,"column":9},"end":{"line":59,"column":20}},"loc":{"start":{"line":59,"column":72},"end":{"line":70,"column":null}}},"5":{"name":"CardContent","decl":{"start":{"line":72,"column":9},"end":{"line":72,"column":21}},"loc":{"start":{"line":72,"column":73},"end":{"line":80,"column":null}}},"6":{"name":"CardFooter","decl":{"start":{"line":82,"column":9},"end":{"line":82,"column":20}},"loc":{"start":{"line":82,"column":72},"end":{"line":93,"column":null}}}},"branchMap":{"0":{"loc":{"start":{"line":7,"column":2},"end":{"line":7,"column":18}},"type":"default-arg","locations":[{"start":{"line":7,"column":9},"end":{"line":7,"column":18}}]}},"s":{"0":50,"1":0,"2":0,"3":0,"4":0,"5":0,"6":0,"7":6,"8":6},"f":{"0":50,"1":0,"2":0,"3":0,"4":0,"5":0,"6":0},"b":{"0":[50]}}
,"/vercel/share/v0-project/components/ui/input.tsx": {"path":"/vercel/share/v0-project/components/ui/input.tsx","statementMap":{"0":{"start":{"line":20,"column":9},"end":{"line":20,"column":null}},"1":{"start":{"line":1,"column":23},"end":{"line":1,"column":null}},"2":{"start":{"line":2,"column":40},"end":{"line":2,"column":null}},"3":{"start":{"line":4,"column":19},"end":{"line":4,"column":null}}},"fnMap":{"0":{"name":"Input","decl":{"start":{"line":6,"column":9},"end":{"line":6,"column":15}},"loc":{"start":{"line":6,"column":75},"end":{"line":18,"column":null}}}},"branchMap":{},"s":{"0":0,"1":0,"2":0,"3":0},"f":{"0":0},"b":{}}
,"/vercel/share/v0-project/components/ui/label.tsx": {"path":"/vercel/share/v0-project/components/ui/label.tsx","statementMap":{"0":{"start":{"line":20,"column":9},"end":{"line":20,"column":null}},"1":{"start":{"line":3,"column":23},"end":{"line":3,"column":null}},"2":{"start":{"line":5,"column":19},"end":{"line":5,"column":null}}},"fnMap":{"0":{"name":"Label","decl":{"start":{"line":7,"column":9},"end":{"line":7,"column":15}},"loc":{"start":{"line":7,"column":69},"end":{"line":18,"column":null}}}},"branchMap":{},"s":{"0":0,"1":0,"2":0},"f":{"0":0},"b":{}}
,"/vercel/share/v0-project/lib/auth-client.ts": {"path":"/vercel/share/v0-project/lib/auth-client.ts","statementMap":{"0":{"start":{"line":5,"column":13},"end":{"line":5,"column":26}},"1":{"start":{"line":7,"column":15},"end":{"line":7,"column":21}},"2":{"start":{"line":7,"column":31},"end":{"line":7,"column":38}},"3":{"start":{"line":7,"column":23},"end":{"line":7,"column":29}},"4":{"start":{"line":7,"column":40},"end":{"line":7,"column":50}},"5":{"start":{"line":3,"column":33},"end":{"line":3,"column":null}},"6":{"start":{"line":5,"column":26},"end":{"line":5,"column":null}},"7":{"start":{"line":7,"column":55},"end":{"line":7,"column":null}}},"fnMap":{},"branchMap":{},"s":{"0":0,"1":0,"2":0,"3":0,"4":0,"5":0,"6":0,"7":0},"f":{},"b":{}}
,"/vercel/share/v0-project/lib/auth.ts": {"path":"/vercel/share/v0-project/lib/auth.ts","statementMap":{"0":{"start":{"line":4,"column":13},"end":{"line":4,"column":20}},"1":{"start":{"line":1,"column":27},"end":{"line":1,"column":null}},"2":{"start":{"line":2,"column":21},"end":{"line":2,"column":null}},"3":{"start":{"line":4,"column":20},"end":{"line":41,"column":null}}},"fnMap":{},"branchMap":{"0":{"loc":{"start":{"line":7,"column":4},"end":{"line":12,"column":null}},"type":"binary-expr","locations":[{"start":{"line":7,"column":4},"end":{"line":7,"column":31}},{"start":{"line":8,"column":5},"end":{"line":12,"column":36}}]},"1":{"loc":{"start":{"line":8,"column":5},"end":{"line":12,"column":36}},"type":"cond-expr","locations":[{"start":{"line":9,"column":8},"end":{"line":9,"column":62}},{"start":{"line":10,"column":8},"end":{"line":12,"column":36}}]},"2":{"loc":{"start":{"line":10,"column":8},"end":{"line":12,"column":36}},"type":"cond-expr","locations":[{"start":{"line":11,"column":10},"end":{"line":11,"column":45}},{"start":{"line":12,"column":10},"end":{"line":12,"column":36}}]},"3":{"loc":{"start":{"line":18,"column":8},"end":{"line":18,"column":79}},"type":"cond-expr","locations":[{"start":{"line":18,"column":49},"end":{"line":18,"column":77}},{"start":{"line":18,"column":77},"end":{"line":18,"column":79}}]},"4":{"loc":{"start":{"line":19,"column":8},"end":{"line":19,"column":70}},"type":"cond-expr","locations":[{"start":{"line":19,"column":37},"end":{"line":19,"column":68}},{"start":{"line":19,"column":68},"end":{"line":19,"column":70}}]},"5":{"loc":{"start":{"line":20,"column":8},"end":{"line":20,"column":75}},"type":"cond-expr","locations":[{"start":{"line":20,"column":33},"end":{"line":20,"column":73}},{"start":{"line":20,"column":73},"end":{"line":20,"column":75}}]},"6":{"loc":{"start":{"line":21,"column":8},"end":{"line":23,"column":10}},"type":"cond-expr","locations":[{"start":{"line":22,"column":8},"end":{"line":22,"column":null}},{"start":{"line":23,"column":8},"end":{"line":23,"column":10}}]},"7":{"loc":{"start":{"line":29,"column":6},"end":{"line":40,"column":8}},"type":"cond-expr","locations":[{"start":{"line":30,"column":6},"end":{"line":39,"column":null}},{"start":{"line":40,"column":6},"end":{"line":40,"column":8}}]}},"s":{"0":0,"1":0,"2":0,"3":0},"f":{},"b":{"0":[0,0],"1":[0,0],"2":[0,0],"3":[0,0],"4":[0,0],"5":[0,0],"6":[0,0],"7":[0,0]}}
,"/vercel/share/v0-project/lib/utils.ts": {"path":"/vercel/share/v0-project/lib/utils.ts","statementMap":{"0":{"start":{"line":4,"column":16},"end":{"line":4,"column":19}},"1":{"start":{"line":1,"column":38},"end":{"line":1,"column":null}},"2":{"start":{"line":2,"column":24},"end":{"line":2,"column":null}},"3":{"start":{"line":5,"column":2},"end":{"line":5,"column":null}}},"fnMap":{"0":{"name":"cn","decl":{"start":{"line":4,"column":16},"end":{"line":4,"column":19}},"loc":{"start":{"line":4,"column":42},"end":{"line":6,"column":null}}}},"branchMap":{},"s":{"0":214,"1":6,"2":6,"3":214},"f":{"0":214},"b":{}}
,"/vercel/share/v0-project/lib/db/index.ts": {"path":"/vercel/share/v0-project/lib/db/index.ts","statementMap":{"0":{"start":{"line":9,"column":13},"end":{"line":9,"column":18}},"1":{"start":{"line":5,"column":13},"end":{"line":5,"column":20}},"2":{"start":{"line":1,"column":24},"end":{"line":1,"column":null}},"3":{"start":{"line":2,"column":21},"end":{"line":2,"column":null}},"4":{"start":{"line":3,"column":24},"end":{"line":3,"column":null}},"5":{"start":{"line":5,"column":20},"end":{"line":7,"column":null}},"6":{"start":{"line":9,"column":18},"end":{"line":9,"column":null}}},"fnMap":{},"branchMap":{},"s":{"0":0,"1":0,"2":0,"3":0,"4":0,"5":0,"6":0},"f":{},"b":{}}
,"/vercel/share/v0-project/lib/db/schema.ts": {"path":"/vercel/share/v0-project/lib/db/schema.ts","statementMap":{"0":{"start":{"line":26,"column":13},"end":{"line":26,"column":23}},"1":{"start":{"line":52,"column":13},"end":{"line":52,"column":32}},"2":{"start":{"line":115,"column":13},"end":{"line":115,"column":41}},"3":{"start":{"line":97,"column":13},"end":{"line":97,"column":28}},"4":{"start":{"line":69,"column":13},"end":{"line":69,"column":24}},"5":{"start":{"line":122,"column":13},"end":{"line":122,"column":33}},"6":{"start":{"line":15,"column":13},"end":{"line":15,"column":23}},"7":{"start":{"line":5,"column":13},"end":{"line":5,"column":20}},"8":{"start":{"line":87,"column":13},"end":{"line":87,"column":26}},"9":{"start":{"line":42,"column":13},"end":{"line":42,"column":28}},"10":{"start":{"line":1,"column":79},"end":{"line":1,"column":null}},"11":{"start":{"line":2,"column":26},"end":{"line":2,"column":null}},"12":{"start":{"line":5,"column":20},"end":{"line":13,"column":null}},"13":{"start":{"line":15,"column":23},"end":{"line":24,"column":null}},"14":{"start":{"line":26,"column":23},"end":{"line":40,"column":null}},"15":{"start":{"line":42,"column":28},"end":{"line":49,"column":null}},"16":{"start":{"line":52,"column":32},"end":{"line":67,"column":null}},"17":{"start":{"line":64,"column":14},"end":{"line":67,"column":null}},"18":{"start":{"line":69,"column":24},"end":{"line":85,"column":null}},"19":{"start":{"line":82,"column":14},"end":{"line":85,"column":null}},"20":{"start":{"line":87,"column":26},"end":{"line":95,"column":null}},"21":{"start":{"line":93,"column":14},"end":{"line":95,"column":null}},"22":{"start":{"line":97,"column":28},"end":{"line":112,"column":null}},"23":{"start":{"line":109,"column":14},"end":{"line":112,"column":null}},"24":{"start":{"line":115,"column":41},"end":{"line":120,"column":null}},"25":{"start":{"line":115,"column":83},"end":{"line":120,"column":null}},"26":{"start":{"line":122,"column":33},"end":{"line":124,"column":null}},"27":{"start":{"line":122,"column":68},"end":{"line":124,"column":null}}},"fnMap":{"0":{"name":"(anonymous_11)","decl":{"start":{"line":64,"column":3},"end":{"line":64,"column":4}},"loc":{"start":{"line":64,"column":14},"end":{"line":67,"column":null}}},"1":{"name":"(anonymous_12)","decl":{"start":{"line":82,"column":3},"end":{"line":82,"column":4}},"loc":{"start":{"line":82,"column":14},"end":{"line":85,"column":null}}},"2":{"name":"(anonymous_13)","decl":{"start":{"line":93,"column":3},"end":{"line":93,"column":4}},"loc":{"start":{"line":93,"column":14},"end":{"line":95,"column":null}}},"3":{"name":"(anonymous_14)","decl":{"start":{"line":109,"column":3},"end":{"line":109,"column":4}},"loc":{"start":{"line":109,"column":14},"end":{"line":112,"column":null}}},"4":{"name":"(anonymous_15)","decl":{"start":{"line":115,"column":69},"end":{"line":115,"column":70}},"loc":{"start":{"line":115,"column":83},"end":{"line":120,"column":null}}},"5":{"name":"(anonymous_16)","decl":{"start":{"line":122,"column":53},"end":{"line":122,"column":54}},"loc":{"start":{"line":122,"column":68},"end":{"line":124,"column":null}}}},"branchMap":{},"s":{"0":0,"1":0,"2":0,"3":0,"4":0,"5":0,"6":0,"7":0,"8":0,"9":0,"10":0,"11":0,"12":0,"13":0,"14":0,"15":0,"16":0,"17":0,"18":0,"19":0,"20":0,"21":0,"22":0,"23":0,"24":0,"25":0,"26":0,"27":0},"f":{"0":0,"1":0,"2":0,"3":0,"4":0,"5":0},"b":{}}
}
