TN:
SF:app/layout.tsx
FN:43,RootLayout
FNF:1
FNH:0
FNDA:0,RootLayout
DA:1,0
DA:3,0
DA:4,0
DA:6,0
DA:7,0
DA:12,0
DA:35,0
DA:43,0
LF:8
LH:0
BRDA:52,0,0,0
BRDA:52,0,1,0
BRF:2
BRH:0
end_of_record
TN:
SF:app/page.tsx
FN:3,DashboardPage
FNF:1
FNH:0
FNDA:0,DashboardPage
DA:1,0
DA:3,0
DA:4,0
LF:3
LH:0
BRF:0
BRH:0
end_of_record
TN:
SF:app/api/analyze-receipt/route.ts
FN:21,POST
FNF:1
FNH:0
FNDA:0,POST
DA:1,0
DA:2,0
DA:3,0
DA:5,0
DA:12,0
DA:21,0
DA:22,0
DA:23,0
DA:24,0
DA:26,0
DA:27,0
DA:34,0
DA:67,0
DA:69,0
DA:70,0
LF:15
LH:0
BRDA:26,0,0,0
BRDA:26,0,1,0
BRF:2
BRH:0
end_of_record
TN:
SF:app/api/auth/[...all]/route.ts
FNF:0
FNH:0
DA:1,0
DA:2,0
DA:4,0
LF:3
LH:0
BRF:0
BRH:0
end_of_record
TN:
SF:app/sign-in/page.tsx
FN:6,SignInPage
FNF:1
FNH:0
FNDA:0,SignInPage
DA:1,0
DA:2,0
DA:3,0
DA:4,0
DA:6,0
DA:7,0
DA:8,0
LF:7
LH:0
BRDA:8,0,0,0
BRDA:8,0,1,0
BRF:2
BRH:0
end_of_record
TN:
SF:app/sign-up/page.tsx
FN:6,SignUpPage
FNF:1
FNH:0
FNDA:0,SignUpPage
DA:1,0
DA:2,0
DA:3,0
DA:4,0
DA:6,0
DA:7,0
DA:8,0
LF:7
LH:0
BRDA:8,0,0,0
BRDA:8,0,1,0
BRF:2
BRH:0
end_of_record
TN:
SF:components/auth-form.tsx
FN:12,AuthForm
FN:22,(anonymous_3)
FN:63,(anonymous_4)
FN:75,(anonymous_5)
FN:86,(anonymous_6)
FNF:5
FNH:0
FNDA:0,AuthForm
FNDA:0,(anonymous_3)
FNDA:0,(anonymous_4)
FNDA:0,(anonymous_5)
FNDA:0,(anonymous_6)
DA:3,0
DA:4,0
DA:5,0
DA:6,0
DA:7,0
DA:8,0
DA:9,0
DA:10,0
DA:12,0
DA:13,0
DA:14,0
DA:15,0
DA:16,0
DA:17,0
DA:18,0
DA:20,0
DA:22,0
DA:23,0
DA:24,0
DA:25,0
DA:27,0
DA:31,0
DA:33,0
DA:34,0
DA:35,0
DA:38,0
DA:39,0
DA:63,0
DA:75,0
DA:86,0
LF:30
LH:0
BRDA:27,0,0,0
BRDA:27,0,1,0
BRDA:33,1,0,0
BRDA:33,1,1,0
BRDA:34,2,0,0
BRDA:34,2,1,0
BRDA:47,3,0,0
BRDA:47,3,1,0
BRDA:50,4,0,0
BRDA:50,4,1,0
BRDA:57,5,0,0
BRDA:89,6,0,0
BRDA:89,6,1,0
BRDA:93,7,0,0
BRDA:100,8,0,0
BRDA:100,8,1,0
BRDA:102,9,0,0
BRDA:102,9,1,0
BRDA:109,10,0,0
BRDA:109,10,1,0
BRDA:111,11,0,0
BRDA:111,11,1,0
BRDA:114,12,0,0
BRDA:114,12,1,0
BRF:24
BRH:0
end_of_record
TN:
SF:components/badges-display.tsx
FN:16,BadgesDisplay
FN:67,(anonymous_2)
FN:86,(anonymous_3)
FNF:3
FNH:3
FNDA:7,BadgesDisplay
FNDA:42,(anonymous_2)
FNDA:42,(anonymous_3)
DA:3,1
DA:4,1
DA:5,1
DA:16,7
DA:17,7
DA:67,42
DA:68,7
DA:87,42
LF:8
LH:8
BRDA:90,0,0,14
BRDA:90,0,1,28
BRDA:96,1,0,14
BRDA:96,1,1,28
BRDA:99,2,0,42
BRDA:109,3,0,42
BRDA:118,4,0,7
BRDA:118,4,1,28
BRF:8
BRH:8
end_of_record
TN:
SF:components/dashboard-layout.tsx
FN:17,DashboardLayout
FN:22,(anonymous_3)
FN:46,(anonymous_4)
FN:73,(anonymous_5)
FNF:4
FNH:0
FNDA:0,DashboardLayout
FNDA:0,(anonymous_3)
FNDA:0,(anonymous_4)
FNDA:0,(anonymous_5)
DA:3,0
DA:4,0
DA:5,0
DA:6,0
DA:7,0
DA:8,0
DA:9,0
DA:10,0
DA:11,0
DA:12,0
DA:13,0
DA:14,0
DA:15,0
DA:17,0
DA:18,0
DA:19,0
DA:20,0
DA:22,0
DA:23,0
DA:24,0
DA:46,0
DA:73,0
LF:22
LH:0
BRDA:72,0,0,0
BRDA:76,1,0,0
BRDA:76,1,1,0
BRDA:144,2,0,0
BRDA:144,2,1,0
BRDA:151,3,0,0
BRDA:151,3,1,0
BRDA:158,4,0,0
BRDA:158,4,1,0
BRF:9
BRH:0
end_of_record
TN:
SF:components/personalized-recommendations.tsx
FN:16,PersonalizedRecommendations
FN:45,(anonymous_2)
FN:71,(anonymous_3)
FNF:3
FNH:3
FNDA:8,PersonalizedRecommendations
FNDA:24,(anonymous_2)
FNDA:24,(anonymous_3)
DA:3,1
DA:4,1
DA:5,1
DA:16,8
DA:18,8
DA:45,8
DA:46,24
DA:48,8
DA:50,8
DA:52,8
DA:54,0
DA:72,24
LF:12
LH:11
BRDA:46,0,0,8
BRDA:46,0,1,8
BRDA:46,0,2,8
BRDA:46,0,3,0
BRF:4
BRH:3
end_of_record
TN:
SF:components/quick-track.tsx
FN:17,QuickTrack
FN:55,(anonymous_2)
FN:61,(anonymous_3)
FN:62,(anonymous_4)
FN:82,(anonymous_5)
FN:87,(anonymous_6)
FN:112,(anonymous_7)
FNF:7
FNH:7
FNDA:12,QuickTrack
FNDA:5,(anonymous_2)
FNDA:6,(anonymous_3)
FNDA:7,(anonymous_4)
FNDA:48,(anonymous_5)
FNDA:5,(anonymous_6)
FNDA:1,(anonymous_7)
DA:3,1
DA:4,1
DA:5,1
DA:6,1
DA:17,6
DA:18,12
DA:20,12
DA:55,12
DA:56,5
DA:57,5
DA:61,12
DA:62,7
DA:63,6
DA:83,48
DA:84,48
DA:87,5
DA:112,1
LF:17
LH:17
BRDA:56,0,0,5
BRDA:56,0,1,0
BRDA:63,1,0,6
BRDA:63,1,1,0
BRDA:73,2,0,12
BRDA:90,3,0,6
BRDA:90,3,1,42
BRDA:103,4,0,48
BRF:8
BRH:6
end_of_record
TN:
SF:components/receipt-scanner.tsx
FN:13,ReceiptScanner
FN:19,(anonymous_2)
FN:29,(anonymous_3)
FN:43,(anonymous_4)
FN:90,(anonymous_5)
FN:125,(anonymous_6)
FN:168,(anonymous_7)
FN:184,(anonymous_8)
FN:195,(anonymous_9)
FNF:9
FNH:1
FNDA:8,ReceiptScanner
FNDA:0,(anonymous_2)
FNDA:0,(anonymous_3)
FNDA:0,(anonymous_4)
FNDA:0,(anonymous_5)
FNDA:0,(anonymous_6)
FNDA:0,(anonymous_7)
FNDA:0,(anonymous_8)
FNDA:0,(anonymous_9)
DA:3,1
DA:4,1
DA:5,1
DA:6,1
DA:13,8
DA:14,8
DA:15,8
DA:16,8
DA:17,8
DA:19,8
DA:20,0
DA:21,0
DA:23,0
DA:24,0
DA:26,0
DA:28,0
DA:29,0
DA:30,0
DA:31,0
DA:34,0
DA:36,0
DA:38,0
DA:39,0
DA:43,8
DA:44,0
DA:45,0
DA:51,0
DA:53,0
DA:54,0
DA:55,0
DA:57,0
DA:59,0
DA:90,0
DA:126,0
DA:127,0
DA:169,0
DA:185,0
DA:186,0
DA:187,0
DA:196,0
DA:197,0
LF:41
LH:11
BRDA:21,0,0,0
BRDA:21,0,1,0
BRDA:51,1,0,0
BRDA:51,1,1,0
BRDA:81,2,0,8
BRDA:84,3,0,8
BRDA:118,4,0,0
BRDA:139,5,0,8
BRDA:147,6,0,8
BRDA:152,7,0,0
BRDA:152,7,1,0
BRDA:157,8,0,0
BRDA:157,8,1,0
BRDA:162,9,0,0
BRDA:162,9,1,0
BRF:15
BRH:4
end_of_record
TN:
SF:components/sidebar.tsx
FN:11,Sidebar
FN:36,(anonymous_2)
FN:42,(anonymous_3)
FNF:3
FNH:0
FNDA:0,Sidebar
FNDA:0,(anonymous_2)
FNDA:0,(anonymous_3)
DA:3,0
DA:4,0
DA:11,0
DA:12,0
DA:37,0
DA:38,0
DA:39,0
DA:42,0
LF:8
LH:0
BRDA:43,0,0,0
BRDA:43,0,1,0
BRDA:45,1,0,0
BRDA:45,1,1,0
BRF:4
BRH:0
end_of_record
TN:
SF:components/today-footprint.tsx
FN:19,TodayFootprint
FN:39,(anonymous_2)
FN:40,(anonymous_3)
FN:41,(anonymous_4)
FN:45,(anonymous_5)
FN:46,(anonymous_6)
FN:47,(anonymous_7)
FN:51,(anonymous_8)
FN:52,(anonymous_9)
FN:52,(anonymous_10)
FN:56,(anonymous_11)
FN:57,(anonymous_12)
FN:80,(anonymous_13)
FN:118,(anonymous_14)
FN:129,(anonymous_15)
FN:139,(anonymous_16)
FNF:16
FNH:4
FNDA:7,TodayFootprint
FNDA:0,(anonymous_2)
FNDA:0,(anonymous_3)
FNDA:0,(anonymous_4)
FNDA:0,(anonymous_5)
FNDA:0,(anonymous_6)
FNDA:0,(anonymous_7)
FNDA:0,(anonymous_8)
FNDA:0,(anonymous_9)
FNDA:0,(anonymous_10)
FNDA:14,(anonymous_11)
FNDA:14,(anonymous_12)
FNDA:14,(anonymous_13)
FNDA:0,(anonymous_14)
FNDA:0,(anonymous_15)
FNDA:0,(anonymous_16)
DA:3,1
DA:4,1
DA:5,1
DA:6,1
DA:7,1
DA:19,7
DA:20,7
DA:39,7
DA:40,0
DA:41,0
DA:45,7
DA:46,0
DA:47,0
DA:51,7
DA:52,0
DA:55,7
DA:56,14
DA:57,14
DA:59,7
DA:81,14
DA:118,0
DA:129,0
DA:139,0
LF:23
LH:15
BRDA:41,0,0,0
BRDA:41,0,1,0
BRDA:47,1,0,0
BRDA:47,1,1,0
BRDA:77,2,0,0
BRDA:84,3,0,0
BRDA:84,3,1,14
BRDA:93,4,0,14
BRDA:93,4,1,0
BRDA:97,5,0,14
BRDA:100,6,0,14
BRDA:116,7,0,14
BRDA:127,8,0,14
BRF:13
BRH:6
end_of_record
TN:
SF:components/trends-chart.tsx
FN:6,TrendsChart
FN:24,(anonymous_2)
FN:25,(anonymous_3)
FN:26,(anonymous_4)
FN:27,(anonymous_5)
FNF:5
FNH:5
FNDA:8,TrendsChart
FNDA:96,(anonymous_2)
FNDA:96,(anonymous_3)
FNDA:96,(anonymous_4)
FNDA:96,(anonymous_5)
DA:3,1
DA:4,1
DA:6,8
DA:8,8
DA:23,8
DA:24,96
DA:25,96
DA:26,96
DA:27,96
LF:9
LH:9
BRF:0
BRH:0
end_of_record
TN:
SF:components/ui/badge.tsx
FN:30,Badge
FNF:1
FNH:1
FNDA:42,Badge
DA:1,2
DA:2,2
DA:3,2
DA:5,2
DA:7,2
DA:36,42
DA:52,42
LF:7
LH:7
BRDA:32,0,0,0
BRF:1
BRH:0
end_of_record
TN:
SF:components/ui/button.tsx
FN:43,Button
FNF:1
FNH:1
FNDA:122,Button
DA:1,4
DA:2,4
DA:4,4
DA:6,4
DA:58,122
LF:5
LH:5
BRDA:45,0,0,48
BRDA:46,1,0,48
BRF:2
BRH:2
end_of_record
TN:
SF:components/ui/card.tsx
FN:5,Card
FN:23,CardHeader
FN:36,CardTitle
FN:49,CardDescription
FN:59,CardAction
FN:72,CardContent
FN:82,CardFooter
FNF:7
FNH:1
FNDA:50,Card
FNDA:0,CardHeader
FNDA:0,CardTitle
FNDA:0,CardDescription
FNDA:0,CardAction
FNDA:0,CardContent
FNDA:0,CardFooter
DA:1,6
DA:3,6
DA:96,50
DA:97,0
DA:98,0
DA:99,0
DA:100,0
DA:101,0
DA:102,0
LF:9
LH:3
BRDA:7,0,0,50
BRF:1
BRH:1
end_of_record
TN:
SF:components/ui/input.tsx
FN:6,Input
FNF:1
FNH:0
FNDA:0,Input
DA:1,0
DA:2,0
DA:4,0
DA:20,0
LF:4
LH:0
BRF:0
BRH:0
end_of_record
TN:
SF:components/ui/label.tsx
FN:7,Label
FNF:1
FNH:0
FNDA:0,Label
DA:3,0
DA:5,0
DA:20,0
LF:3
LH:0
BRF:0
BRH:0
end_of_record
TN:
SF:lib/auth-client.ts
FNF:0
FNH:0
DA:3,0
DA:5,0
DA:7,0
LF:3
LH:0
BRF:0
BRH:0
end_of_record
TN:
SF:lib/auth.ts
FNF:0
FNH:0
DA:1,0
DA:2,0
DA:4,0
LF:3
LH:0
BRDA:7,0,0,0
BRDA:7,0,1,0
BRDA:8,1,0,0
BRDA:8,1,1,0
BRDA:10,2,0,0
BRDA:10,2,1,0
BRDA:18,3,0,0
BRDA:18,3,1,0
BRDA:19,4,0,0
BRDA:19,4,1,0
BRDA:20,5,0,0
BRDA:20,5,1,0
BRDA:21,6,0,0
BRDA:21,6,1,0
BRDA:29,7,0,0
BRDA:29,7,1,0
BRF:16
BRH:0
end_of_record
TN:
SF:lib/utils.ts
FN:4,cn
FNF:1
FNH:1
FNDA:214,cn
DA:1,6
DA:2,6
DA:4,214
DA:5,214
LF:4
LH:4
BRF:0
BRH:0
end_of_record
TN:
SF:lib/db/index.ts
FNF:0
FNH:0
DA:1,0
DA:2,0
DA:3,0
DA:5,0
DA:9,0
LF:5
LH:0
BRF:0
BRH:0
end_of_record
TN:
SF:lib/db/schema.ts
FN:64,(anonymous_11)
FN:82,(anonymous_12)
FN:93,(anonymous_13)
FN:109,(anonymous_14)
FN:115,(anonymous_15)
FN:122,(anonymous_16)
FNF:6
FNH:0
FNDA:0,(anonymous_11)
FNDA:0,(anonymous_12)
FNDA:0,(anonymous_13)
FNDA:0,(anonymous_14)
FNDA:0,(anonymous_15)
FNDA:0,(anonymous_16)
DA:1,0
DA:2,0
DA:5,0
DA:15,0
DA:26,0
DA:42,0
DA:52,0
DA:64,0
DA:69,0
DA:82,0
DA:87,0
DA:93,0
DA:97,0
DA:109,0
DA:115,0
DA:122,0
LF:16
LH:0
BRF:0
BRH:0
end_of_record
